{
  "uid" : "7904b7df93f12e3a",
  "name" : "test_guest_cant_see_success_message_after_adding_product_to_basket",
  "fullName" : "final.test_product_page.TestProductPage#test_guest_cant_see_success_message_after_adding_product_to_basket",
  "historyId" : "c5ba3583133f77c4fa64e89fd1bd3654",
  "time" : {
    "start" : 1616963229565,
    "stop" : 1616963234462,
    "duration" : 4897
  },
  "status" : "skipped",
  "statusMessage" : "XFAIL\n\nAssertionError: Success message presents, but should not be",
  "statusTrace" : "self = <final.test_product_page.TestProductPage object at 0x000001433B26B7F0>\nbrowser = <selenium.webdriver.chrome.webdriver.WebDriver (session=\"c63ad42546847cf2da443f42da7df76d\")>\n\n    @pytest.mark.xfail\n    def test_guest_cant_see_success_message_after_adding_product_to_basket(self, browser):\n        page = ProductPage(browser, link)\n        page.open()\n    \n        page.add_to_basket()\n    \n>       page.should_not_be_success_message()\n\nfinal\\test_product_page.py:34: \n_ _ _ _ _ _ _ _ _ _ _ _ _ _ _ _ _ _ _ _ _ _ _ _ _ _ _ _ _ _ _ _ _ _ _ _ _ _ _ _ _ _ _ _ _ _ _ _ _ _ _ _ _ _ _ _ _ _ _ _ _ _ _ _ _ _ _ _ _ _ _ _ _ _ _ _ _ \n\nself = <final.pages.product_page.ProductPage object at 0x000001433B1F1EB0>\n\n    def should_not_be_success_message(self):\n        # assert\n>       assert self.is_not_element_present(*ProductPageLocators.SUCCESS_MESSAGE), \\\n            \"Success message presents, but should not be\"\nE       AssertionError: Success message presents, but should not be\n\nfinal\\pages\\product_page.py:31: AssertionError",
  "flaky" : false,
  "beforeStages" : [ {
    "name" : "browser",
    "time" : {
      "start" : 1616963227695,
      "stop" : 1616963229565,
      "duration" : 1870
    },
    "status" : "passed",
    "steps" : [ ],
    "attachments" : [ ],
    "parameters" : [ ],
    "hasContent" : false,
    "stepsCount" : 0,
    "shouldDisplayMessage" : false,
    "attachmentsCount" : 0
  } ],
  "testStage" : {
    "status" : "skipped",
    "statusMessage" : "XFAIL\n\nAssertionError: Success message presents, but should not be",
    "statusTrace" : "self = <final.test_product_page.TestProductPage object at 0x000001433B26B7F0>\nbrowser = <selenium.webdriver.chrome.webdriver.WebDriver (session=\"c63ad42546847cf2da443f42da7df76d\")>\n\n    @pytest.mark.xfail\n    def test_guest_cant_see_success_message_after_adding_product_to_basket(self, browser):\n        page = ProductPage(browser, link)\n        page.open()\n    \n        page.add_to_basket()\n    \n>       page.should_not_be_success_message()\n\nfinal\\test_product_page.py:34: \n_ _ _ _ _ _ _ _ _ _ _ _ _ _ _ _ _ _ _ _ _ _ _ _ _ _ _ _ _ _ _ _ _ _ _ _ _ _ _ _ _ _ _ _ _ _ _ _ _ _ _ _ _ _ _ _ _ _ _ _ _ _ _ _ _ _ _ _ _ _ _ _ _ _ _ _ _ \n\nself = <final.pages.product_page.ProductPage object at 0x000001433B1F1EB0>\n\n    def should_not_be_success_message(self):\n        # assert\n>       assert self.is_not_element_present(*ProductPageLocators.SUCCESS_MESSAGE), \\\n            \"Success message presents, but should not be\"\nE       AssertionError: Success message presents, but should not be\n\nfinal\\pages\\product_page.py:31: AssertionError",
    "steps" : [ ],
    "attachments" : [ {
      "uid" : "270452ff593e0383",
      "name" : "stdout",
      "source" : "270452ff593e0383.txt",
      "type" : "text/plain",
      "size" : 49
    } ],
    "parameters" : [ ],
    "hasContent" : true,
    "stepsCount" : 0,
    "shouldDisplayMessage" : true,
    "attachmentsCount" : 1
  },
  "afterStages" : [ {
    "name" : "browser::0",
    "time" : {
      "start" : 1616963234475,
      "stop" : 1616963238354,
      "duration" : 3879
    },
    "status" : "passed",
    "steps" : [ ],
    "attachments" : [ ],
    "parameters" : [ ],
    "hasContent" : false,
    "stepsCount" : 0,
    "shouldDisplayMessage" : false,
    "attachmentsCount" : 0
  } ],
  "labels" : [ {
    "name" : "tag",
    "value" : "@pytest.mark.xfail"
  }, {
    "name" : "parentSuite",
    "value" : "final"
  }, {
    "name" : "suite",
    "value" : "test_product_page"
  }, {
    "name" : "subSuite",
    "value" : "TestProductPage"
  }, {
    "name" : "host",
    "value" : "andreihp4525s"
  }, {
    "name" : "thread",
    "value" : "3024-MainThread"
  }, {
    "name" : "framework",
    "value" : "pytest"
  }, {
    "name" : "language",
    "value" : "cpython3"
  }, {
    "name" : "package",
    "value" : "final.test_product_page"
  }, {
    "name" : "resultFormat",
    "value" : "allure2"
  } ],
  "parameters" : [ ],
  "links" : [ ],
  "hidden" : false,
  "retry" : false,
  "extra" : {
    "severity" : "normal",
    "retries" : [ ],
    "categories" : [ ],
    "tags" : [ "@pytest.mark.xfail" ]
  },
  "source" : "7904b7df93f12e3a.json",
  "parameterValues" : [ ]
}