{
  "uid" : "b9e5b6600814757c",
  "name" : "test_negative_register_new_user",
  "fullName" : "final.test_main_page.TestInputFromMainPage#test_negative_register_new_user",
  "historyId" : "145380196dd687d21bef9a1b2ab30e95",
  "time" : {
    "start" : 1616963101934,
    "stop" : 1616963112774,
    "duration" : 10840
  },
  "status" : "skipped",
  "statusMessage" : "XFAIL\n\nAssertionError: Register form is not presented",
  "statusTrace" : "self = <final.test_main_page.TestInputFromMainPage object at 0x000001433B205670>\nbrowser = <selenium.webdriver.chrome.webdriver.WebDriver (session=\"4fa7c883ad6cb8baab52583d76f9de65\")>\n\n    @pytest.mark.xfail\n    def test_negative_register_new_user(self, browser):\n        # Data\n        email = str(time.time()) + \"@tut.by\"\n        password = \"0iXXeu22DPA4jv9Z\"\n        repeat_user_password = \"0iXXeu22DPA4jv9Z\"\n        # Act\n        page = LoginPage(browser, link)\n        page.open()\n        # Assert\n>       page.should_be_register_form()\n\nfinal\\test_main_page.py:87: \n_ _ _ _ _ _ _ _ _ _ _ _ _ _ _ _ _ _ _ _ _ _ _ _ _ _ _ _ _ _ _ _ _ _ _ _ _ _ _ _ _ _ _ _ _ _ _ _ _ _ _ _ _ _ _ _ _ _ _ _ _ _ _ _ _ _ _ _ _ _ _ _ _ _ _ _ _ \n\nself = <final.pages.login_page.LoginPage object at 0x000001433B242BB0>\n\n    def should_be_register_form(self):\n        # Assert\n>       assert self.is_element_present(*LoginPageLocators.REGISTER_FORM), \"Register form is not presented\"\nE       AssertionError: Register form is not presented\n\nfinal\\pages\\login_page.py:25: AssertionError",
  "flaky" : false,
  "beforeStages" : [ {
    "name" : "setup",
    "time" : {
      "start" : 1616963093850,
      "stop" : 1616963101933,
      "duration" : 8083
    },
    "status" : "passed",
    "steps" : [ ],
    "attachments" : [ ],
    "parameters" : [ ],
    "hasContent" : false,
    "stepsCount" : 0,
    "shouldDisplayMessage" : false,
    "attachmentsCount" : 0
  }, {
    "name" : "browser",
    "time" : {
      "start" : 1616963092283,
      "stop" : 1616963093850,
      "duration" : 1567
    },
    "status" : "passed",
    "steps" : [ ],
    "attachments" : [ ],
    "parameters" : [ ],
    "hasContent" : false,
    "stepsCount" : 0,
    "shouldDisplayMessage" : false,
    "attachmentsCount" : 0
  } ],
  "testStage" : {
    "status" : "skipped",
    "statusMessage" : "XFAIL\n\nAssertionError: Register form is not presented",
    "statusTrace" : "self = <final.test_main_page.TestInputFromMainPage object at 0x000001433B205670>\nbrowser = <selenium.webdriver.chrome.webdriver.WebDriver (session=\"4fa7c883ad6cb8baab52583d76f9de65\")>\n\n    @pytest.mark.xfail\n    def test_negative_register_new_user(self, browser):\n        # Data\n        email = str(time.time()) + \"@tut.by\"\n        password = \"0iXXeu22DPA4jv9Z\"\n        repeat_user_password = \"0iXXeu22DPA4jv9Z\"\n        # Act\n        page = LoginPage(browser, link)\n        page.open()\n        # Assert\n>       page.should_be_register_form()\n\nfinal\\test_main_page.py:87: \n_ _ _ _ _ _ _ _ _ _ _ _ _ _ _ _ _ _ _ _ _ _ _ _ _ _ _ _ _ _ _ _ _ _ _ _ _ _ _ _ _ _ _ _ _ _ _ _ _ _ _ _ _ _ _ _ _ _ _ _ _ _ _ _ _ _ _ _ _ _ _ _ _ _ _ _ _ \n\nself = <final.pages.login_page.LoginPage object at 0x000001433B242BB0>\n\n    def should_be_register_form(self):\n        # Assert\n>       assert self.is_element_present(*LoginPageLocators.REGISTER_FORM), \"Register form is not presented\"\nE       AssertionError: Register form is not presented\n\nfinal\\pages\\login_page.py:25: AssertionError",
    "steps" : [ ],
    "attachments" : [ {
      "uid" : "ef25ab633e05c979",
      "name" : "stdout",
      "source" : "ef25ab633e05c979.txt",
      "type" : "text/plain",
      "size" : 49
    } ],
    "parameters" : [ ],
    "hasContent" : true,
    "stepsCount" : 0,
    "shouldDisplayMessage" : true,
    "attachmentsCount" : 1
  },
  "afterStages" : [ {
    "name" : "browser::0",
    "time" : {
      "start" : 1616963112790,
      "stop" : 1616963115341,
      "duration" : 2551
    },
    "status" : "passed",
    "steps" : [ ],
    "attachments" : [ ],
    "parameters" : [ ],
    "hasContent" : false,
    "stepsCount" : 0,
    "shouldDisplayMessage" : false,
    "attachmentsCount" : 0
  } ],
  "labels" : [ {
    "name" : "tag",
    "value" : "@pytest.mark.xfail"
  }, {
    "name" : "tag",
    "value" : "personal_tests"
  }, {
    "name" : "parentSuite",
    "value" : "final"
  }, {
    "name" : "suite",
    "value" : "test_main_page"
  }, {
    "name" : "subSuite",
    "value" : "TestInputFromMainPage"
  }, {
    "name" : "host",
    "value" : "andreihp4525s"
  }, {
    "name" : "thread",
    "value" : "3024-MainThread"
  }, {
    "name" : "framework",
    "value" : "pytest"
  }, {
    "name" : "language",
    "value" : "cpython3"
  }, {
    "name" : "package",
    "value" : "final.test_main_page"
  }, {
    "name" : "resultFormat",
    "value" : "allure2"
  } ],
  "parameters" : [ ],
  "links" : [ ],
  "hidden" : false,
  "retry" : false,
  "extra" : {
    "severity" : "normal",
    "retries" : [ ],
    "categories" : [ ],
    "tags" : [ "@pytest.mark.xfail", "personal_tests" ]
  },
  "source" : "b9e5b6600814757c.json",
  "parameterValues" : [ ]
}